2014-02-12 14:41:52: -- gardens and groves: ANALYSIS started by User on 'GREG-PC' (GoodSync 9.5.6.6)
2014-02-12 14:41:52: Z:\Active-Projects\cs007-gardens-and-groves\bin\library\assets\media =PropDels=> C:\repo\cs007-gardens-and-groves\bin\library\assets\media
2014-02-12 14:41:52: L: Files: 40 (excluded 11). Folders: 0 (excluded 1). Z: \\10.1.10.100\media NTFS, Free: 59.1 GB, Total: 458 GB
2014-02-12 14:41:52: R: Files: 40 (excluded 0). Folders: 0 (excluded 1). C: NTFS, Free: 343 GB, Total: 465 GB
2014-02-12 14:41:52: Changes: 80, Conflicts: 0, CopyTime: 0, CopyState: 0/1, Errors: 0
2014-02-12 14:41:52: Left to Right: Copy File: 40 Delete File: 40 
2014-02-12 14:41:52: -- Analysis Completed. Time 00:00:00, Speed: Many files/s
2014-02-12 14:41:52: 
2014-02-12 14:42:07: == gardens and groves: SYNC started by User on 'GREG-PC'
2014-02-12 14:42:07: Z:\Active-Projects\cs007-gardens-and-groves\bin\library\assets\media =PropDels=> C:\repo\cs007-gardens-and-groves\bin\library\assets\media
2014-02-12 14:42:07: Delete File 'C:\repo\cs007-gardens-and-groves\bin\library\assets\media\approach-1.jpg'
2014-02-12 14:42:07: Delete File 'C:\repo\cs007-gardens-and-groves\bin\library\assets\media\approach-2.jpg'
2014-02-12 14:42:07: Delete File 'C:\repo\cs007-gardens-and-groves\bin\library\assets\media\botanical-1.jpg'
2014-02-12 14:42:07: Delete File 'C:\repo\cs007-gardens-and-groves\bin\library\assets\media\botanical-2.jpg'
2014-02-12 14:42:07: Delete File 'C:\repo\cs007-gardens-and-groves\bin\library\assets\media\bowling-1.jpg'
2014-02-12 14:42:07: Delete File 'C:\repo\cs007-gardens-and-groves\bin\library\assets\media\bowling-2.jpg'
2014-02-12 14:42:07: Delete File 'C:\repo\cs007-gardens-and-groves\bin\library\assets\media\bowling-3.jpg'
2014-02-12 14:42:07: Delete File 'C:\repo\cs007-gardens-and-groves\bin\library\assets\media\bowling-4.jpg'
2014-02-12 14:42:07: Delete File 'C:\repo\cs007-gardens-and-groves\bin\library\assets\media\garden-lower-1.jpg'
2014-02-12 14:42:07: Delete File 'C:\repo\cs007-gardens-and-groves\bin\library\assets\media\garden-lower-2.jpg'
2014-02-12 14:42:07: Delete File 'C:\repo\cs007-gardens-and-groves\bin\library\assets\media\garden-upper-1.jpg'
2014-02-12 14:42:07: Delete File 'C:\repo\cs007-gardens-and-groves\bin\library\assets\media\garden-upper-2.jpg'
2014-02-12 14:42:07: Delete File 'C:\repo\cs007-gardens-and-groves\bin\library\assets\media\ghsq-1.jpg'
2014-02-12 14:42:07: Delete File 'C:\repo\cs007-gardens-and-groves\bin\library\assets\media\ghsq-2.jpg'
2014-02-12 14:42:07: Delete File 'C:\repo\cs007-gardens-and-groves\bin\library\assets\media\ghsq-3.jpg'
2014-02-12 14:42:07: Delete File 'C:\repo\cs007-gardens-and-groves\bin\library\assets\media\greenhouse-1.jpg'
2014-02-12 14:42:07: Delete File 'C:\repo\cs007-gardens-and-groves\bin\library\assets\media\greenhouse-2.jpg'
2014-02-12 14:42:07: Delete File 'C:\repo\cs007-gardens-and-groves\bin\library\assets\media\greenhouse-3.jpg'
2014-02-12 14:42:07: Delete File 'C:\repo\cs007-gardens-and-groves\bin\library\assets\media\greenhouse-4.jpg'
2014-02-12 14:42:07: Delete File 'C:\repo\cs007-gardens-and-groves\bin\library\assets\media\groves-1.jpg'
2014-02-12 14:42:07: Delete File 'C:\repo\cs007-gardens-and-groves\bin\library\assets\media\gw-peale-1.jpg'
2014-02-12 14:42:07: Delete File 'C:\repo\cs007-gardens-and-groves\bin\library\assets\media\gw-peale-2.jpg'
2014-02-12 14:42:07: Delete File 'C:\repo\cs007-gardens-and-groves\bin\library\assets\media\house-for-families-1.jpg'
2014-02-12 14:42:07: Delete File 'C:\repo\cs007-gardens-and-groves\bin\library\assets\media\lawrence-washington-1.jpg'
2014-02-12 14:42:07: Delete File 'C:\repo\cs007-gardens-and-groves\bin\library\assets\media\mansion-1.jpg'
2014-02-12 14:42:07: Delete File 'C:\repo\cs007-gardens-and-groves\bin\library\assets\media\mansion-2.jpg'
2014-02-12 14:42:07: Delete File 'C:\repo\cs007-gardens-and-groves\bin\library\assets\media\mansion-3.jpg'
2014-02-12 14:42:07: Delete File 'C:\repo\cs007-gardens-and-groves\bin\library\assets\media\mw-peale.jpg'
2014-02-12 14:42:07: Delete File 'C:\repo\cs007-gardens-and-groves\bin\library\assets\media\mw-wollaston.jpg'
2014-02-12 14:42:07: Delete File 'C:\repo\cs007-gardens-and-groves\bin\library\assets\media\outbuildings-1-1.jpg'
2014-02-12 14:42:07: Delete File 'C:\repo\cs007-gardens-and-groves\bin\library\assets\media\outbuildings-2-1.jpg'
2014-02-12 14:42:07: Delete File 'C:\repo\cs007-gardens-and-groves\bin\library\assets\media\outbuildings-2-2.jpg'
2014-02-12 14:42:07: Delete File 'C:\repo\cs007-gardens-and-groves\bin\library\assets\media\outbuildings-2-3.jpg'
2014-02-12 14:42:07: Delete File 'C:\repo\cs007-gardens-and-groves\bin\library\assets\media\outbuildings-2-4.jpg'
2014-02-12 14:42:07: Delete File 'C:\repo\cs007-gardens-and-groves\bin\library\assets\media\potomac-1.jpg'
2014-02-12 14:42:07: Delete File 'C:\repo\cs007-gardens-and-groves\bin\library\assets\media\potomac-2.jpg'
2014-02-12 14:42:07: Delete File 'C:\repo\cs007-gardens-and-groves\bin\library\assets\media\potomac-3.jpg'
2014-02-12 14:42:07: Delete File 'C:\repo\cs007-gardens-and-groves\bin\library\assets\media\potomac-4.jpg'
2014-02-12 14:42:07: Delete File 'C:\repo\cs007-gardens-and-groves\bin\library\assets\media\slave-quarter-1.jpg'
2014-02-12 14:42:07: Delete File 'C:\repo\cs007-gardens-and-groves\bin\library\assets\media\slave-quarter-2.jpg'
2014-02-12 14:42:07: Copy New 'Z:\Active-Projects\cs007-gardens-and-groves\bin\library\assets\media\approach-1.png' -> 'C:\repo\cs007-gardens-and-groves\bin\library\assets\media\approach-1.png'
2014-02-12 14:42:08: Copy New 'Z:\Active-Projects\cs007-gardens-and-groves\bin\library\assets\media\approach-2.png' -> 'C:\repo\cs007-gardens-and-groves\bin\library\assets\media\approach-2.png'
2014-02-12 14:42:08: Copy New 'Z:\Active-Projects\cs007-gardens-and-groves\bin\library\assets\media\botanical-1.png' -> 'C:\repo\cs007-gardens-and-groves\bin\library\assets\media\botanical-1.png'
2014-02-12 14:42:08: Copy New 'Z:\Active-Projects\cs007-gardens-and-groves\bin\library\assets\media\botanical-2.png' -> 'C:\repo\cs007-gardens-and-groves\bin\library\assets\media\botanical-2.png'
2014-02-12 14:42:08: Copy New 'Z:\Active-Projects\cs007-gardens-and-groves\bin\library\assets\media\bowling-1.png' -> 'C:\repo\cs007-gardens-and-groves\bin\library\assets\media\bowling-1.png'
2014-02-12 14:42:08: Copy New 'Z:\Active-Projects\cs007-gardens-and-groves\bin\library\assets\media\bowling-2.png' -> 'C:\repo\cs007-gardens-and-groves\bin\library\assets\media\bowling-2.png'
2014-02-12 14:42:08: Copy New 'Z:\Active-Projects\cs007-gardens-and-groves\bin\library\assets\media\bowling-3.png' -> 'C:\repo\cs007-gardens-and-groves\bin\library\assets\media\bowling-3.png'
2014-02-12 14:42:08: Copy New 'Z:\Active-Projects\cs007-gardens-and-groves\bin\library\assets\media\bowling-4.png' -> 'C:\repo\cs007-gardens-and-groves\bin\library\assets\media\bowling-4.png'
2014-02-12 14:42:08: Copy New 'Z:\Active-Projects\cs007-gardens-and-groves\bin\library\assets\media\garden-lower-1.png' -> 'C:\repo\cs007-gardens-and-groves\bin\library\assets\media\garden-lower-1.png'
2014-02-12 14:42:09: Copy New 'Z:\Active-Projects\cs007-gardens-and-groves\bin\library\assets\media\garden-lower-2.png' -> 'C:\repo\cs007-gardens-and-groves\bin\library\assets\media\garden-lower-2.png'
2014-02-12 14:42:09: Copy New 'Z:\Active-Projects\cs007-gardens-and-groves\bin\library\assets\media\garden-upper-1.png' -> 'C:\repo\cs007-gardens-and-groves\bin\library\assets\media\garden-upper-1.png'
2014-02-12 14:42:09: Copy New 'Z:\Active-Projects\cs007-gardens-and-groves\bin\library\assets\media\garden-upper-2.png' -> 'C:\repo\cs007-gardens-and-groves\bin\library\assets\media\garden-upper-2.png'
2014-02-12 14:42:09: Copy New 'Z:\Active-Projects\cs007-gardens-and-groves\bin\library\assets\media\ghsq-1.png' -> 'C:\repo\cs007-gardens-and-groves\bin\library\assets\media\ghsq-1.png'
2014-02-12 14:42:09: Copy New 'Z:\Active-Projects\cs007-gardens-and-groves\bin\library\assets\media\ghsq-2.png' -> 'C:\repo\cs007-gardens-and-groves\bin\library\assets\media\ghsq-2.png'
2014-02-12 14:42:09: Copy New 'Z:\Active-Projects\cs007-gardens-and-groves\bin\library\assets\media\ghsq-3.png' -> 'C:\repo\cs007-gardens-and-groves\bin\library\assets\media\ghsq-3.png'
2014-02-12 14:42:09: Copy New 'Z:\Active-Projects\cs007-gardens-and-groves\bin\library\assets\media\greenhouse-1.png' -> 'C:\repo\cs007-gardens-and-groves\bin\library\assets\media\greenhouse-1.png'
2014-02-12 14:42:09: Copy New 'Z:\Active-Projects\cs007-gardens-and-groves\bin\library\assets\media\greenhouse-2.png' -> 'C:\repo\cs007-gardens-and-groves\bin\library\assets\media\greenhouse-2.png'
2014-02-12 14:42:09: Copy New 'Z:\Active-Projects\cs007-gardens-and-groves\bin\library\assets\media\greenhouse-3.png' -> 'C:\repo\cs007-gardens-and-groves\bin\library\assets\media\greenhouse-3.png'
2014-02-12 14:42:09: Copy New 'Z:\Active-Projects\cs007-gardens-and-groves\bin\library\assets\media\greenhouse-4.png' -> 'C:\repo\cs007-gardens-and-groves\bin\library\assets\media\greenhouse-4.png'
2014-02-12 14:42:10: Copy New 'Z:\Active-Projects\cs007-gardens-and-groves\bin\library\assets\media\groves-1.png' -> 'C:\repo\cs007-gardens-and-groves\bin\library\assets\media\groves-1.png'
2014-02-12 14:42:10: Copy New 'Z:\Active-Projects\cs007-gardens-and-groves\bin\library\assets\media\gw-peale-1.png' -> 'C:\repo\cs007-gardens-and-groves\bin\library\assets\media\gw-peale-1.png'
2014-02-12 14:42:10: Copy New 'Z:\Active-Projects\cs007-gardens-and-groves\bin\library\assets\media\gw-peale-2.png' -> 'C:\repo\cs007-gardens-and-groves\bin\library\assets\media\gw-peale-2.png'
2014-02-12 14:42:10: Copy New 'Z:\Active-Projects\cs007-gardens-and-groves\bin\library\assets\media\house-for-families-1.png' -> 'C:\repo\cs007-gardens-and-groves\bin\library\assets\media\house-for-families-1.png'
2014-02-12 14:42:10: Copy New 'Z:\Active-Projects\cs007-gardens-and-groves\bin\library\assets\media\lawrence-washington-1.png' -> 'C:\repo\cs007-gardens-and-groves\bin\library\assets\media\lawrence-washington-1.png'
2014-02-12 14:42:10: Copy New 'Z:\Active-Projects\cs007-gardens-and-groves\bin\library\assets\media\mansion-1.png' -> 'C:\repo\cs007-gardens-and-groves\bin\library\assets\media\mansion-1.png'
2014-02-12 14:42:10: Copy New 'Z:\Active-Projects\cs007-gardens-and-groves\bin\library\assets\media\mansion-2.png' -> 'C:\repo\cs007-gardens-and-groves\bin\library\assets\media\mansion-2.png'
2014-02-12 14:42:10: Copy New 'Z:\Active-Projects\cs007-gardens-and-groves\bin\library\assets\media\mansion-3.png' -> 'C:\repo\cs007-gardens-and-groves\bin\library\assets\media\mansion-3.png'
2014-02-12 14:42:10: Copy New 'Z:\Active-Projects\cs007-gardens-and-groves\bin\library\assets\media\mw-peale.png' -> 'C:\repo\cs007-gardens-and-groves\bin\library\assets\media\mw-peale.png'
2014-02-12 14:42:10: Copy New 'Z:\Active-Projects\cs007-gardens-and-groves\bin\library\assets\media\mw-wollaston.png' -> 'C:\repo\cs007-gardens-and-groves\bin\library\assets\media\mw-wollaston.png'
2014-02-12 14:42:11: Copy New 'Z:\Active-Projects\cs007-gardens-and-groves\bin\library\assets\media\outbuildings-1-1.png' -> 'C:\repo\cs007-gardens-and-groves\bin\library\assets\media\outbuildings-1-1.png'
2014-02-12 14:42:11: Copy New 'Z:\Active-Projects\cs007-gardens-and-groves\bin\library\assets\media\outbuildings-2-1.png' -> 'C:\repo\cs007-gardens-and-groves\bin\library\assets\media\outbuildings-2-1.png'
2014-02-12 14:42:11: Copy New 'Z:\Active-Projects\cs007-gardens-and-groves\bin\library\assets\media\outbuildings-2-2.png' -> 'C:\repo\cs007-gardens-and-groves\bin\library\assets\media\outbuildings-2-2.png'
2014-02-12 14:42:11: Copy New 'Z:\Active-Projects\cs007-gardens-and-groves\bin\library\assets\media\outbuildings-2-3.png' -> 'C:\repo\cs007-gardens-and-groves\bin\library\assets\media\outbuildings-2-3.png'
2014-02-12 14:42:11: Copy New 'Z:\Active-Projects\cs007-gardens-and-groves\bin\library\assets\media\outbuildings-2-4.png' -> 'C:\repo\cs007-gardens-and-groves\bin\library\assets\media\outbuildings-2-4.png'
2014-02-12 14:42:11: Copy New 'Z:\Active-Projects\cs007-gardens-and-groves\bin\library\assets\media\potomac-1.png' -> 'C:\repo\cs007-gardens-and-groves\bin\library\assets\media\potomac-1.png'
2014-02-12 14:42:11: Copy New 'Z:\Active-Projects\cs007-gardens-and-groves\bin\library\assets\media\potomac-2.png' -> 'C:\repo\cs007-gardens-and-groves\bin\library\assets\media\potomac-2.png'
2014-02-12 14:42:11: Copy New 'Z:\Active-Projects\cs007-gardens-and-groves\bin\library\assets\media\potomac-3.png' -> 'C:\repo\cs007-gardens-and-groves\bin\library\assets\media\potomac-3.png'
2014-02-12 14:42:11: Copy New 'Z:\Active-Projects\cs007-gardens-and-groves\bin\library\assets\media\potomac-4.png' -> 'C:\repo\cs007-gardens-and-groves\bin\library\assets\media\potomac-4.png'
2014-02-12 14:42:12: Copy New 'Z:\Active-Projects\cs007-gardens-and-groves\bin\library\assets\media\slave-quarter-1.png' -> 'C:\repo\cs007-gardens-and-groves\bin\library\assets\media\slave-quarter-1.png'
2014-02-12 14:42:12: Copy New 'Z:\Active-Projects\cs007-gardens-and-groves\bin\library\assets\media\slave-quarter-2.png' -> 'C:\repo\cs007-gardens-and-groves\bin\library\assets\media\slave-quarter-2.png'
2014-02-12 14:42:12: Items Synced OK: 81, Errors: 0
2014-02-12 14:42:12: == Sync Completed. Time: 00:00:05, Speed: 6.51 MB/s (10.8 MB/s)
2014-02-12 14:42:12: 
