2014-02-19 09:30:19: -- gardens and groves: ANALYSIS started by User on 'GREG-PC' (GoodSync 9.5.6.6)
2014-02-19 09:30:19: Z:\Active-Projects\cs007-gardens-and-groves\bin\library\assets\media\w-cap =PropDels=> C:\repo\cs007-gardens-and-groves\bin\library\assets\media
2014-02-19 09:30:19: L: Files: 41 (excluded 41). Folders: 0 (excluded 1). Z: \\10.1.10.100\media NTFS, Free: 58.1 GB, Total: 458 GB
2014-02-19 09:30:19: R: Files: 81 (excluded 0). Folders: 1 (excluded 1). C: NTFS, Free: 335 GB, Total: 465 GB
2014-02-19 09:30:19: Changes: 83, Conflicts: 0, CopyTime: 0, CopyState: 41/0, Errors: 0
2014-02-19 09:30:19: Left to Right: Copy File: 40 Delete File: 41 Rename/Move File/Folder: 2 Copy State: 41 
2014-02-19 09:30:19: -- Analysis Completed. Time 00:00:00, Speed: Many files/s
2014-02-19 09:30:19: 
2014-02-19 09:30:23: == gardens and groves: SYNC started by User on 'GREG-PC'
2014-02-19 09:30:23: Z:\Active-Projects\cs007-gardens-and-groves\bin\library\assets\media\w-cap =PropDels=> C:\repo\cs007-gardens-and-groves\bin\library\assets\media
2014-02-19 09:30:24: Delete File 'C:\repo\cs007-gardens-and-groves\bin\library\assets\media\w-cap\approach-1.png'
2014-02-19 09:30:24: Delete File 'C:\repo\cs007-gardens-and-groves\bin\library\assets\media\w-cap\approach-2.png'
2014-02-19 09:30:24: Delete File 'C:\repo\cs007-gardens-and-groves\bin\library\assets\media\w-cap\botanical-1.png'
2014-02-19 09:30:24: Delete File 'C:\repo\cs007-gardens-and-groves\bin\library\assets\media\w-cap\botanical-2.png'
2014-02-19 09:30:24: Delete File 'C:\repo\cs007-gardens-and-groves\bin\library\assets\media\w-cap\bowling-1.png'
2014-02-19 09:30:24: Delete File 'C:\repo\cs007-gardens-and-groves\bin\library\assets\media\w-cap\bowling-2.png'
2014-02-19 09:30:24: Delete File 'C:\repo\cs007-gardens-and-groves\bin\library\assets\media\w-cap\bowling-3.png'
2014-02-19 09:30:24: Delete File 'C:\repo\cs007-gardens-and-groves\bin\library\assets\media\w-cap\bowling-4.png'
2014-02-19 09:30:24: Delete File 'C:\repo\cs007-gardens-and-groves\bin\library\assets\media\w-cap\garden-lower-1.png'
2014-02-19 09:30:24: Delete File 'C:\repo\cs007-gardens-and-groves\bin\library\assets\media\w-cap\garden-lower-2.png'
2014-02-19 09:30:24: Delete File 'C:\repo\cs007-gardens-and-groves\bin\library\assets\media\w-cap\garden-upper-1.png'
2014-02-19 09:30:24: Delete File 'C:\repo\cs007-gardens-and-groves\bin\library\assets\media\w-cap\garden-upper-2.png'
2014-02-19 09:30:24: Delete File 'C:\repo\cs007-gardens-and-groves\bin\library\assets\media\w-cap\ghsq-1.png'
2014-02-19 09:30:24: Delete File 'C:\repo\cs007-gardens-and-groves\bin\library\assets\media\w-cap\ghsq-2.png'
2014-02-19 09:30:24: Delete File 'C:\repo\cs007-gardens-and-groves\bin\library\assets\media\w-cap\ghsq-3.png'
2014-02-19 09:30:24: Delete File 'C:\repo\cs007-gardens-and-groves\bin\library\assets\media\w-cap\greenhouse-1.png'
2014-02-19 09:30:24: Delete File 'C:\repo\cs007-gardens-and-groves\bin\library\assets\media\w-cap\greenhouse-2.png'
2014-02-19 09:30:24: Delete File 'C:\repo\cs007-gardens-and-groves\bin\library\assets\media\w-cap\greenhouse-3.png'
2014-02-19 09:30:24: Delete File 'C:\repo\cs007-gardens-and-groves\bin\library\assets\media\w-cap\greenhouse-4.png'
2014-02-19 09:30:24: Delete File 'C:\repo\cs007-gardens-and-groves\bin\library\assets\media\w-cap\groves-1.png'
2014-02-19 09:30:24: Delete File 'C:\repo\cs007-gardens-and-groves\bin\library\assets\media\w-cap\gw-peale-1.png'
2014-02-19 09:30:24: Delete File 'C:\repo\cs007-gardens-and-groves\bin\library\assets\media\w-cap\gw-peale-2.png'
2014-02-19 09:30:24: Delete File 'C:\repo\cs007-gardens-and-groves\bin\library\assets\media\w-cap\house-for-families-1.png'
2014-02-19 09:30:24: Delete File 'C:\repo\cs007-gardens-and-groves\bin\library\assets\media\w-cap\lawrence-washington-1.png'
2014-02-19 09:30:24: Delete File 'C:\repo\cs007-gardens-and-groves\bin\library\assets\media\w-cap\mansion-1.png'
2014-02-19 09:30:24: Delete File 'C:\repo\cs007-gardens-and-groves\bin\library\assets\media\w-cap\mansion-2.png'
2014-02-19 09:30:24: Delete File 'C:\repo\cs007-gardens-and-groves\bin\library\assets\media\w-cap\mansion-3.png'
2014-02-19 09:30:24: Delete File 'C:\repo\cs007-gardens-and-groves\bin\library\assets\media\w-cap\mw-peale.png'
2014-02-19 09:30:24: Delete File 'C:\repo\cs007-gardens-and-groves\bin\library\assets\media\w-cap\mw-wollaston.png'
2014-02-19 09:30:24: Delete File 'C:\repo\cs007-gardens-and-groves\bin\library\assets\media\w-cap\outbuildings-1-1.png'
2014-02-19 09:30:24: Delete File 'C:\repo\cs007-gardens-and-groves\bin\library\assets\media\w-cap\outbuildings-2-1.png'
2014-02-19 09:30:24: Delete File 'C:\repo\cs007-gardens-and-groves\bin\library\assets\media\w-cap\outbuildings-2-2.png'
2014-02-19 09:30:24: Delete File 'C:\repo\cs007-gardens-and-groves\bin\library\assets\media\w-cap\outbuildings-2-3.png'
2014-02-19 09:30:24: Delete File 'C:\repo\cs007-gardens-and-groves\bin\library\assets\media\w-cap\outbuildings-2-4.png'
2014-02-19 09:30:24: Delete File 'C:\repo\cs007-gardens-and-groves\bin\library\assets\media\w-cap\potomac-1.png'
2014-02-19 09:30:24: Delete File 'C:\repo\cs007-gardens-and-groves\bin\library\assets\media\w-cap\potomac-2.png'
2014-02-19 09:30:24: Delete File 'C:\repo\cs007-gardens-and-groves\bin\library\assets\media\w-cap\potomac-3.png'
2014-02-19 09:30:24: Delete File 'C:\repo\cs007-gardens-and-groves\bin\library\assets\media\w-cap\potomac-4.png'
2014-02-19 09:30:24: Delete File 'C:\repo\cs007-gardens-and-groves\bin\library\assets\media\w-cap\slave-quarter-1.png'
2014-02-19 09:30:24: Delete File 'C:\repo\cs007-gardens-and-groves\bin\library\assets\media\w-cap\slave-quarter-2.png'
2014-02-19 09:30:24: Copy Over 'Z:\Active-Projects\cs007-gardens-and-groves\bin\library\assets\media\w-cap\approach-1.png' -> 'C:\repo\cs007-gardens-and-groves\bin\library\assets\media\approach-1.png'
2014-02-19 09:30:24: Copy Over 'Z:\Active-Projects\cs007-gardens-and-groves\bin\library\assets\media\w-cap\approach-2.png' -> 'C:\repo\cs007-gardens-and-groves\bin\library\assets\media\approach-2.png'
2014-02-19 09:30:24: Copy Over 'Z:\Active-Projects\cs007-gardens-and-groves\bin\library\assets\media\w-cap\botanical-1.png' -> 'C:\repo\cs007-gardens-and-groves\bin\library\assets\media\botanical-1.png'
2014-02-19 09:30:24: Copy Over 'Z:\Active-Projects\cs007-gardens-and-groves\bin\library\assets\media\w-cap\botanical-2.png' -> 'C:\repo\cs007-gardens-and-groves\bin\library\assets\media\botanical-2.png'
2014-02-19 09:30:24: Copy Over 'Z:\Active-Projects\cs007-gardens-and-groves\bin\library\assets\media\w-cap\bowling-1.png' -> 'C:\repo\cs007-gardens-and-groves\bin\library\assets\media\bowling-1.png'
2014-02-19 09:30:24: Copy Over 'Z:\Active-Projects\cs007-gardens-and-groves\bin\library\assets\media\w-cap\bowling-2.png' -> 'C:\repo\cs007-gardens-and-groves\bin\library\assets\media\bowling-2.png'
2014-02-19 09:30:24: Copy Over 'Z:\Active-Projects\cs007-gardens-and-groves\bin\library\assets\media\w-cap\bowling-3.png' -> 'C:\repo\cs007-gardens-and-groves\bin\library\assets\media\bowling-3.png'
2014-02-19 09:30:25: Copy Over 'Z:\Active-Projects\cs007-gardens-and-groves\bin\library\assets\media\w-cap\bowling-4.png' -> 'C:\repo\cs007-gardens-and-groves\bin\library\assets\media\bowling-4.png'
2014-02-19 09:30:25: Copy Over 'Z:\Active-Projects\cs007-gardens-and-groves\bin\library\assets\media\w-cap\garden-lower-1.png' -> 'C:\repo\cs007-gardens-and-groves\bin\library\assets\media\garden-lower-1.png'
2014-02-19 09:30:25: Copy Over 'Z:\Active-Projects\cs007-gardens-and-groves\bin\library\assets\media\w-cap\garden-lower-2.png' -> 'C:\repo\cs007-gardens-and-groves\bin\library\assets\media\garden-lower-2.png'
2014-02-19 09:30:25: Copy Over 'Z:\Active-Projects\cs007-gardens-and-groves\bin\library\assets\media\w-cap\garden-upper-1.png' -> 'C:\repo\cs007-gardens-and-groves\bin\library\assets\media\garden-upper-1.png'
2014-02-19 09:30:25: Copy Over 'Z:\Active-Projects\cs007-gardens-and-groves\bin\library\assets\media\w-cap\garden-upper-2.png' -> 'C:\repo\cs007-gardens-and-groves\bin\library\assets\media\garden-upper-2.png'
2014-02-19 09:30:25: Copy Over 'Z:\Active-Projects\cs007-gardens-and-groves\bin\library\assets\media\w-cap\ghsq-1.png' -> 'C:\repo\cs007-gardens-and-groves\bin\library\assets\media\ghsq-1.png'
2014-02-19 09:30:25: Copy Over 'Z:\Active-Projects\cs007-gardens-and-groves\bin\library\assets\media\w-cap\ghsq-2.png' -> 'C:\repo\cs007-gardens-and-groves\bin\library\assets\media\ghsq-2.png'
2014-02-19 09:30:25: Copy Over 'Z:\Active-Projects\cs007-gardens-and-groves\bin\library\assets\media\w-cap\ghsq-3.png' -> 'C:\repo\cs007-gardens-and-groves\bin\library\assets\media\ghsq-3.png'
2014-02-19 09:30:26: Copy Over 'Z:\Active-Projects\cs007-gardens-and-groves\bin\library\assets\media\w-cap\greenhouse-1.png' -> 'C:\repo\cs007-gardens-and-groves\bin\library\assets\media\greenhouse-1.png'
2014-02-19 09:30:26: Copy Over 'Z:\Active-Projects\cs007-gardens-and-groves\bin\library\assets\media\w-cap\greenhouse-2.png' -> 'C:\repo\cs007-gardens-and-groves\bin\library\assets\media\greenhouse-2.png'
2014-02-19 09:30:26: Copy Over 'Z:\Active-Projects\cs007-gardens-and-groves\bin\library\assets\media\w-cap\greenhouse-3.png' -> 'C:\repo\cs007-gardens-and-groves\bin\library\assets\media\greenhouse-3.png'
2014-02-19 09:30:26: Copy Over 'Z:\Active-Projects\cs007-gardens-and-groves\bin\library\assets\media\w-cap\greenhouse-4.png' -> 'C:\repo\cs007-gardens-and-groves\bin\library\assets\media\greenhouse-4.png'
2014-02-19 09:30:26: Copy Over 'Z:\Active-Projects\cs007-gardens-and-groves\bin\library\assets\media\w-cap\groves-1.png' -> 'C:\repo\cs007-gardens-and-groves\bin\library\assets\media\groves-1.png'
2014-02-19 09:30:26: Copy Over 'Z:\Active-Projects\cs007-gardens-and-groves\bin\library\assets\media\w-cap\gw-peale-1.png' -> 'C:\repo\cs007-gardens-and-groves\bin\library\assets\media\gw-peale-1.png'
2014-02-19 09:30:26: Copy Over 'Z:\Active-Projects\cs007-gardens-and-groves\bin\library\assets\media\w-cap\gw-peale-2.png' -> 'C:\repo\cs007-gardens-and-groves\bin\library\assets\media\gw-peale-2.png'
2014-02-19 09:30:26: Copy Over 'Z:\Active-Projects\cs007-gardens-and-groves\bin\library\assets\media\w-cap\house-for-families-1.png' -> 'C:\repo\cs007-gardens-and-groves\bin\library\assets\media\house-for-families-1.png'
2014-02-19 09:30:26: Copy Over 'Z:\Active-Projects\cs007-gardens-and-groves\bin\library\assets\media\w-cap\lawrence-washington-1.png' -> 'C:\repo\cs007-gardens-and-groves\bin\library\assets\media\lawrence-washington-1.png'
2014-02-19 09:30:26: Copy Over 'Z:\Active-Projects\cs007-gardens-and-groves\bin\library\assets\media\w-cap\mansion-1.png' -> 'C:\repo\cs007-gardens-and-groves\bin\library\assets\media\mansion-1.png'
2014-02-19 09:30:26: Copy Over 'Z:\Active-Projects\cs007-gardens-and-groves\bin\library\assets\media\w-cap\mansion-2.png' -> 'C:\repo\cs007-gardens-and-groves\bin\library\assets\media\mansion-2.png'
2014-02-19 09:30:27: Copy Over 'Z:\Active-Projects\cs007-gardens-and-groves\bin\library\assets\media\w-cap\mansion-3.png' -> 'C:\repo\cs007-gardens-and-groves\bin\library\assets\media\mansion-3.png'
2014-02-19 09:30:27: Copy Over 'Z:\Active-Projects\cs007-gardens-and-groves\bin\library\assets\media\w-cap\mw-peale.png' -> 'C:\repo\cs007-gardens-and-groves\bin\library\assets\media\mw-peale.png'
2014-02-19 09:30:27: Copy Over 'Z:\Active-Projects\cs007-gardens-and-groves\bin\library\assets\media\w-cap\mw-wollaston.png' -> 'C:\repo\cs007-gardens-and-groves\bin\library\assets\media\mw-wollaston.png'
2014-02-19 09:30:27: Copy Over 'Z:\Active-Projects\cs007-gardens-and-groves\bin\library\assets\media\w-cap\outbuildings-1-1.png' -> 'C:\repo\cs007-gardens-and-groves\bin\library\assets\media\outbuildings-1-1.png'
2014-02-19 09:30:27: Copy Over 'Z:\Active-Projects\cs007-gardens-and-groves\bin\library\assets\media\w-cap\outbuildings-2-1.png' -> 'C:\repo\cs007-gardens-and-groves\bin\library\assets\media\outbuildings-2-1.png'
2014-02-19 09:30:27: Copy Over 'Z:\Active-Projects\cs007-gardens-and-groves\bin\library\assets\media\w-cap\outbuildings-2-2.png' -> 'C:\repo\cs007-gardens-and-groves\bin\library\assets\media\outbuildings-2-2.png'
2014-02-19 09:30:27: Copy Over 'Z:\Active-Projects\cs007-gardens-and-groves\bin\library\assets\media\w-cap\outbuildings-2-3.png' -> 'C:\repo\cs007-gardens-and-groves\bin\library\assets\media\outbuildings-2-3.png'
2014-02-19 09:30:27: Copy Over 'Z:\Active-Projects\cs007-gardens-and-groves\bin\library\assets\media\w-cap\outbuildings-2-4.png' -> 'C:\repo\cs007-gardens-and-groves\bin\library\assets\media\outbuildings-2-4.png'
2014-02-19 09:30:27: Copy Over 'Z:\Active-Projects\cs007-gardens-and-groves\bin\library\assets\media\w-cap\potomac-1.png' -> 'C:\repo\cs007-gardens-and-groves\bin\library\assets\media\potomac-1.png'
2014-02-19 09:30:27: Copy Over 'Z:\Active-Projects\cs007-gardens-and-groves\bin\library\assets\media\w-cap\potomac-2.png' -> 'C:\repo\cs007-gardens-and-groves\bin\library\assets\media\potomac-2.png'
2014-02-19 09:30:28: Copy Over 'Z:\Active-Projects\cs007-gardens-and-groves\bin\library\assets\media\w-cap\potomac-3.png' -> 'C:\repo\cs007-gardens-and-groves\bin\library\assets\media\potomac-3.png'
2014-02-19 09:30:28: Copy Over 'Z:\Active-Projects\cs007-gardens-and-groves\bin\library\assets\media\w-cap\potomac-4.png' -> 'C:\repo\cs007-gardens-and-groves\bin\library\assets\media\potomac-4.png'
2014-02-19 09:30:28: Copy Over 'Z:\Active-Projects\cs007-gardens-and-groves\bin\library\assets\media\w-cap\slave-quarter-1.png' -> 'C:\repo\cs007-gardens-and-groves\bin\library\assets\media\slave-quarter-1.png'
2014-02-19 09:30:28: Copy Over 'Z:\Active-Projects\cs007-gardens-and-groves\bin\library\assets\media\w-cap\slave-quarter-2.png' -> 'C:\repo\cs007-gardens-and-groves\bin\library\assets\media\slave-quarter-2.png'
2014-02-19 09:30:28: Move File C:\repo\cs007-gardens-and-groves\bin\library\assets\media\w-cap\gg-caption.psd -> C:\repo\cs007-gardens-and-groves\bin\library\assets\media\gg-caption.psd
2014-02-19 09:30:28: Delete Folder 'C:\repo\cs007-gardens-and-groves\bin\library\assets\media\w-cap'
2014-02-19 09:30:28: Items Synced OK: 123, Errors: 0
2014-02-19 09:30:28: == Sync Completed. Time: 00:00:05, Speed: 6.50 MB/s (11.1 MB/s)
2014-02-19 09:30:28: 
