2014-02-18 13:54:30: -- gardens and groves: ANALYSIS started by User on 'GREG-PC' (GoodSync 9.5.6.6)
2014-02-18 13:54:30: Z:\Active-Projects\cs007-gardens-and-groves\bin\library\assets\media\w-cap =PropDels=> C:\repo\cs007-gardens-and-groves\bin\library\assets\media
2014-02-18 13:54:30: L: State file does not exist: Z:\Active-Projects\cs007-gardens-and-groves\bin\library\assets\media\w-cap\_gsdata_\_file_state._gs
2014-02-18 13:54:30: L: No State File found, New State will be built
2014-02-18 13:54:30: L: Files: 41 (excluded 41). Folders: 0 (excluded 0). Z: \\10.1.10.100\media NTFS, Free: 58.4 GB, Total: 458 GB
2014-02-18 13:54:30: R: Files: 40 (excluded 0). Folders: 0 (excluded 1). C: NTFS, Free: 340 GB, Total: 465 GB
2014-02-18 13:54:30: Changes: 39, Conflicts: 0, CopyTime: 0, CopyState: 43/0, Errors: 0
2014-02-18 13:54:30: Left to Right: Copy File: 39 Copy State: 43 
2014-02-18 13:54:30: -- Analysis Completed. Time 00:00:00, Speed: Many files/s
2014-02-18 13:54:30: 
2014-02-18 13:54:34: New _gsdata_ folder(s) created, so rescan all job folders for their ghosts
2014-02-18 13:54:34: == gardens and groves: SYNC started by User on 'GREG-PC'
2014-02-18 13:54:34: Z:\Active-Projects\cs007-gardens-and-groves\bin\library\assets\media\w-cap =PropDels=> C:\repo\cs007-gardens-and-groves\bin\library\assets\media
2014-02-18 13:54:34: Copy Over 'Z:\Active-Projects\cs007-gardens-and-groves\bin\library\assets\media\w-cap\botanical-1.png' -> 'C:\repo\cs007-gardens-and-groves\bin\library\assets\media\botanical-1.png'
2014-02-18 13:54:34: Copy Over 'Z:\Active-Projects\cs007-gardens-and-groves\bin\library\assets\media\w-cap\botanical-2.png' -> 'C:\repo\cs007-gardens-and-groves\bin\library\assets\media\botanical-2.png'
2014-02-18 13:54:34: Copy Over 'Z:\Active-Projects\cs007-gardens-and-groves\bin\library\assets\media\w-cap\bowling-1.png' -> 'C:\repo\cs007-gardens-and-groves\bin\library\assets\media\bowling-1.png'
2014-02-18 13:54:34: Copy Over 'Z:\Active-Projects\cs007-gardens-and-groves\bin\library\assets\media\w-cap\bowling-2.png' -> 'C:\repo\cs007-gardens-and-groves\bin\library\assets\media\bowling-2.png'
2014-02-18 13:54:34: Copy Over 'Z:\Active-Projects\cs007-gardens-and-groves\bin\library\assets\media\w-cap\bowling-3.png' -> 'C:\repo\cs007-gardens-and-groves\bin\library\assets\media\bowling-3.png'
2014-02-18 13:54:34: Copy Over 'Z:\Active-Projects\cs007-gardens-and-groves\bin\library\assets\media\w-cap\bowling-4.png' -> 'C:\repo\cs007-gardens-and-groves\bin\library\assets\media\bowling-4.png'
2014-02-18 13:54:35: Copy Over 'Z:\Active-Projects\cs007-gardens-and-groves\bin\library\assets\media\w-cap\garden-lower-1.png' -> 'C:\repo\cs007-gardens-and-groves\bin\library\assets\media\garden-lower-1.png'
2014-02-18 13:54:35: Copy Over 'Z:\Active-Projects\cs007-gardens-and-groves\bin\library\assets\media\w-cap\garden-lower-2.png' -> 'C:\repo\cs007-gardens-and-groves\bin\library\assets\media\garden-lower-2.png'
2014-02-18 13:54:35: Copy Over 'Z:\Active-Projects\cs007-gardens-and-groves\bin\library\assets\media\w-cap\garden-upper-1.png' -> 'C:\repo\cs007-gardens-and-groves\bin\library\assets\media\garden-upper-1.png'
2014-02-18 13:54:35: Copy Over 'Z:\Active-Projects\cs007-gardens-and-groves\bin\library\assets\media\w-cap\garden-upper-2.png' -> 'C:\repo\cs007-gardens-and-groves\bin\library\assets\media\garden-upper-2.png'
2014-02-18 13:54:40: Copy New 'Z:\Active-Projects\cs007-gardens-and-groves\bin\library\assets\media\w-cap\gg-caption.psd' -> 'C:\repo\cs007-gardens-and-groves\bin\library\assets\media\gg-caption.psd'
2014-02-18 13:54:40: Copy Over 'Z:\Active-Projects\cs007-gardens-and-groves\bin\library\assets\media\w-cap\ghsq-1.png' -> 'C:\repo\cs007-gardens-and-groves\bin\library\assets\media\ghsq-1.png'
2014-02-18 13:54:40: Copy Over 'Z:\Active-Projects\cs007-gardens-and-groves\bin\library\assets\media\w-cap\ghsq-2.png' -> 'C:\repo\cs007-gardens-and-groves\bin\library\assets\media\ghsq-2.png'
2014-02-18 13:54:41: Copy Over 'Z:\Active-Projects\cs007-gardens-and-groves\bin\library\assets\media\w-cap\ghsq-3.png' -> 'C:\repo\cs007-gardens-and-groves\bin\library\assets\media\ghsq-3.png'
2014-02-18 13:54:41: Copy Over 'Z:\Active-Projects\cs007-gardens-and-groves\bin\library\assets\media\w-cap\greenhouse-1.png' -> 'C:\repo\cs007-gardens-and-groves\bin\library\assets\media\greenhouse-1.png'
2014-02-18 13:54:41: Copy Over 'Z:\Active-Projects\cs007-gardens-and-groves\bin\library\assets\media\w-cap\greenhouse-2.png' -> 'C:\repo\cs007-gardens-and-groves\bin\library\assets\media\greenhouse-2.png'
2014-02-18 13:54:41: Copy Over 'Z:\Active-Projects\cs007-gardens-and-groves\bin\library\assets\media\w-cap\greenhouse-3.png' -> 'C:\repo\cs007-gardens-and-groves\bin\library\assets\media\greenhouse-3.png'
2014-02-18 13:54:41: Copy Over 'Z:\Active-Projects\cs007-gardens-and-groves\bin\library\assets\media\w-cap\greenhouse-4.png' -> 'C:\repo\cs007-gardens-and-groves\bin\library\assets\media\greenhouse-4.png'
2014-02-18 13:54:41: Copy Over 'Z:\Active-Projects\cs007-gardens-and-groves\bin\library\assets\media\w-cap\groves-1.png' -> 'C:\repo\cs007-gardens-and-groves\bin\library\assets\media\groves-1.png'
2014-02-18 13:54:41: Copy Over 'Z:\Active-Projects\cs007-gardens-and-groves\bin\library\assets\media\w-cap\gw-peale-1.png' -> 'C:\repo\cs007-gardens-and-groves\bin\library\assets\media\gw-peale-1.png'
2014-02-18 13:54:41: Copy Over 'Z:\Active-Projects\cs007-gardens-and-groves\bin\library\assets\media\w-cap\gw-peale-2.png' -> 'C:\repo\cs007-gardens-and-groves\bin\library\assets\media\gw-peale-2.png'
2014-02-18 13:54:41: Copy Over 'Z:\Active-Projects\cs007-gardens-and-groves\bin\library\assets\media\w-cap\house-for-families-1.png' -> 'C:\repo\cs007-gardens-and-groves\bin\library\assets\media\house-for-families-1.png'
2014-02-18 13:54:41: Copy Over 'Z:\Active-Projects\cs007-gardens-and-groves\bin\library\assets\media\w-cap\lawrence-washington-1.png' -> 'C:\repo\cs007-gardens-and-groves\bin\library\assets\media\lawrence-washington-1.png'
2014-02-18 13:54:41: Copy Over 'Z:\Active-Projects\cs007-gardens-and-groves\bin\library\assets\media\w-cap\mansion-1.png' -> 'C:\repo\cs007-gardens-and-groves\bin\library\assets\media\mansion-1.png'
2014-02-18 13:54:42: Copy Over 'Z:\Active-Projects\cs007-gardens-and-groves\bin\library\assets\media\w-cap\mansion-2.png' -> 'C:\repo\cs007-gardens-and-groves\bin\library\assets\media\mansion-2.png'
2014-02-18 13:54:42: Copy Over 'Z:\Active-Projects\cs007-gardens-and-groves\bin\library\assets\media\w-cap\mansion-3.png' -> 'C:\repo\cs007-gardens-and-groves\bin\library\assets\media\mansion-3.png'
2014-02-18 13:54:42: Copy Over 'Z:\Active-Projects\cs007-gardens-and-groves\bin\library\assets\media\w-cap\mw-peale.png' -> 'C:\repo\cs007-gardens-and-groves\bin\library\assets\media\mw-peale.png'
2014-02-18 13:54:42: Copy Over 'Z:\Active-Projects\cs007-gardens-and-groves\bin\library\assets\media\w-cap\mw-wollaston.png' -> 'C:\repo\cs007-gardens-and-groves\bin\library\assets\media\mw-wollaston.png'
2014-02-18 13:54:42: Copy Over 'Z:\Active-Projects\cs007-gardens-and-groves\bin\library\assets\media\w-cap\outbuildings-1-1.png' -> 'C:\repo\cs007-gardens-and-groves\bin\library\assets\media\outbuildings-1-1.png'
2014-02-18 13:54:42: Copy Over 'Z:\Active-Projects\cs007-gardens-and-groves\bin\library\assets\media\w-cap\outbuildings-2-1.png' -> 'C:\repo\cs007-gardens-and-groves\bin\library\assets\media\outbuildings-2-1.png'
2014-02-18 13:54:42: Copy Over 'Z:\Active-Projects\cs007-gardens-and-groves\bin\library\assets\media\w-cap\outbuildings-2-2.png' -> 'C:\repo\cs007-gardens-and-groves\bin\library\assets\media\outbuildings-2-2.png'
2014-02-18 13:54:42: Copy Over 'Z:\Active-Projects\cs007-gardens-and-groves\bin\library\assets\media\w-cap\outbuildings-2-3.png' -> 'C:\repo\cs007-gardens-and-groves\bin\library\assets\media\outbuildings-2-3.png'
2014-02-18 13:54:42: Copy Over 'Z:\Active-Projects\cs007-gardens-and-groves\bin\library\assets\media\w-cap\outbuildings-2-4.png' -> 'C:\repo\cs007-gardens-and-groves\bin\library\assets\media\outbuildings-2-4.png'
2014-02-18 13:54:42: Copy Over 'Z:\Active-Projects\cs007-gardens-and-groves\bin\library\assets\media\w-cap\potomac-1.png' -> 'C:\repo\cs007-gardens-and-groves\bin\library\assets\media\potomac-1.png'
2014-02-18 13:54:43: Copy Over 'Z:\Active-Projects\cs007-gardens-and-groves\bin\library\assets\media\w-cap\potomac-2.png' -> 'C:\repo\cs007-gardens-and-groves\bin\library\assets\media\potomac-2.png'
2014-02-18 13:54:43: Copy Over 'Z:\Active-Projects\cs007-gardens-and-groves\bin\library\assets\media\w-cap\potomac-3.png' -> 'C:\repo\cs007-gardens-and-groves\bin\library\assets\media\potomac-3.png'
2014-02-18 13:54:43: Copy Over 'Z:\Active-Projects\cs007-gardens-and-groves\bin\library\assets\media\w-cap\potomac-4.png' -> 'C:\repo\cs007-gardens-and-groves\bin\library\assets\media\potomac-4.png'
2014-02-18 13:54:43: Copy Over 'Z:\Active-Projects\cs007-gardens-and-groves\bin\library\assets\media\w-cap\slave-quarter-1.png' -> 'C:\repo\cs007-gardens-and-groves\bin\library\assets\media\slave-quarter-1.png'
2014-02-18 13:54:43: Copy Over 'Z:\Active-Projects\cs007-gardens-and-groves\bin\library\assets\media\w-cap\slave-quarter-2.png' -> 'C:\repo\cs007-gardens-and-groves\bin\library\assets\media\slave-quarter-2.png'
2014-02-18 13:54:43: Items Synced OK: 82, Errors: 0
2014-02-18 13:54:43: == Sync Completed. Time: 00:00:09, Speed: 9.62 MB/s (11.0 MB/s)
2014-02-18 13:54:43: 
